{
	"loss": [
		1.2173278331756592, 
		0.43546634912490845, 
		0.3129715025424957, 
		0.2554795444011688, 
		0.21979472041130066, 
		0.19439886510372162, 
		0.1754968911409378, 
		0.16144400835037231, 
		0.14807464182376862, 
		0.13818776607513428, 
		0.12983636558055878, 
		0.12220442295074463, 
		0.11531908810138702, 
		0.10965120792388916, 
		0.10378202795982361, 
		0.09883467853069305, 
		0.09485124051570892, 
		0.09132794290781021, 
		0.08758293837308884, 
		0.08465232700109482, 
		0.08156781643629074, 
		0.0791376382112503, 
		0.07647456228733063, 
		0.0747690424323082, 
		0.07240982353687286, 
		0.07053058594465256, 
		0.06859760731458664, 
		0.06634481996297836, 
		0.06406175345182419, 
		0.06346704065799713, 
		0.06268851459026337, 
		0.06141198053956032, 0.05937900394201279, 0.05900288745760918, 0.05664198845624924, 0.055816035717725754, 0.05588136985898018, 0.054255906492471695, 
		0.05283854901790619, 0.05290175601840019, 0.050419580191373825, 0.0516793467104435, 0.04963516816496849, 0.04958731681108475, 0.048954449594020844, 
		0.04808767884969711, 0.04783187434077263, 0.0471806600689888, 0.045871052891016006, 0.04592306539416313
	], 
	"accuracy": [
		0.714979350566864, 
		0.8809195160865784, 
		0.9118316173553467, 
		0.9270510077476501, 
		0.9364385604858398, 
		0.9436123371124268, 
		0.9482946991920471, 0.952026903629303, 0.9557949900627136, 0.958374559879303, 0.9606471657752991, 0.9626585841178894, 0.9646568894386292, 0.9658748507499695,
 		0.9675596952438354, 0.9690813422203064, 0.9704984426498413, 0.9712984561920166, 0.9722420573234558, 0.9732151031494141, 0.9742763638496399, 0.9747204184532166, 
		0.9755726456642151, 0.9757979512214661, 0.9764999747276306, 0.9773750901222229, 0.9775546789169312, 0.9786322116851807, 0.9791480898857117, 0.9792492985725403, 
		0.9795039892196655, 0.9799676537513733, 0.9802550077438354, 0.9806599020957947, 0.9811202883720398, 0.9815284609794617, 0.9813815355300903, 0.9818125367164612, 
		0.982596218585968, 0.9822207093238831, 0.9833080172538757, 0.9827365875244141, 0.9833602905273438, 0.9834451675415039, 0.9838141202926636, 0.9839186072349548, 		0.9840884208679199, 0.984065592288971, 0.9845847487449646, 0.9846532940864563
	], 
	"val_loss": [
		0.5993514060974121, 
		0.36477696895599365, 
		0.31366318464279175, 
		0.2420693188905716, 
		0.21486999094486237, 
		0.21588872373104095, 
		0.175875723361969, 
		0.16803500056266785, 0.16000580787658691, 0.1518072634935379, 0.13575489819049835, 0.13252165913581848, 0.1318977326154709, 0.12297983467578888, 
0.12496945261955261, 0.11399770528078079, 0.12063588947057724, 0.10254000127315521, 0.0973614975810051, 0.09700872749090195, 0.08939015120267868, 0.08844500780105591, 0.10139884054660797, 0.07951633632183075, 0.081180639564991, 0.08454008400440216, 0.07084213942289352, 0.07499883323907852, 0.07422789186239243, 0.06806689500808716, 0.08398015052080154, 0.07534176856279373, 0.060890115797519684, 0.08738723397254944, 0.06624121218919754, 0.06940005719661713, 0.0667462944984436, 0.06267297267913818, 0.06235542148351669, 0.07659594714641571, 0.057901155203580856, 0.051131393760442734, 0.054621558636426926, 0.05350320041179657, 0.06945236772298813, 0.059788621962070465, 0.06840435415506363, 0.04964665323495865, 0.055976781994104385, 0.05989645794034004
	], 
	"val_accuracy": [
		0.839548647403717, 0.8975873589515686, 0.9100179076194763, 0.9298539757728577, 0.9361426830291748, 0.9367304444313049, 0.9476916790008545, 0.949778139591217, 0.949778139591217, 0.9531576037406921, 0.957741916179657, 0.958535373210907, 0.9596226811408997, 0.9617091417312622, 0.9605336785316467, 0.9660289883613586, 0.9596814513206482, 0.9682917594909668, 0.9684974551200867, 0.9689382314682007, 0.9712892174720764, 0.972699761390686, 0.9681154489517212, 0.9749625325202942, 0.9743160009384155, 0.9726703763008118, 0.977519154548645, 0.9761673808097839, 0.9762261509895325, 0.9774309992790222, 0.9724352955818176, 0.9763730764389038, 0.981133759021759, 0.9711422324180603, 0.978195071220398, 0.9774309992790222, 0.978195071220398, 0.9792236089706421, 0.9794880747795105, 0.9756090641021729, 0.9807223081588745, 0.9833377599716187, 0.9825736880302429, 0.9826030731201172, 0.977078378200531, 0.9805753827095032, 0.9774897694587708, 0.983161449432373, 0.9810456037521362, 0.980781078338623]}