              precision    recall  f1-score   support

           0       0.96      0.97      0.96      1429
           1       0.97      0.97      0.97      1436
           2       1.00      1.00      1.00      2511
           3       0.65      0.56      0.60       223
           4       1.00      1.00      1.00      3400
           5       0.96      0.99      0.97       691
           6       0.94      0.96      0.95      2652
           7       0.99      0.99      0.99      2614
           8       1.00      1.00      1.00      1091
           9       1.00      0.99      0.99       740
          10       1.00      0.92      0.96       355
          11       0.99      0.97      0.98       312
          12       0.99      1.00      0.99       291
          13       0.98      1.00      0.99       307
          14       0.91      0.99      0.95       374
          15       0.99      0.99      0.99      1237
          16       1.00      0.95      0.97       255
          17       0.99      1.00      0.99       865
          18       1.00      1.00      1.00       202
          19       0.99      0.99      0.99       580
          20       0.99      1.00      1.00       299
          21       1.00      1.00      1.00       485
          22       1.00      0.93      0.96        14
          23       1.00      0.95      0.98       300
          24       0.98      0.98      0.98       371
          25       0.56      0.25      0.34        20
          26       1.00      0.73      0.84       169
          27       0.93      0.98      0.95        41
          28       0.97      0.97      0.97       146
          29       1.00      0.98      0.99       514
          30       0.98      0.99      0.98       154
          31       0.98      1.00      0.99       307
          32       0.93      0.87      0.90       102
          33       1.00      1.00      1.00        11
          34       1.00      1.00      1.00       200
          35       1.00      0.98      0.99       248
          36       1.00      1.00      1.00        18
          37       0.99      0.99      0.99      1086
          38       1.00      0.42      0.59        45
          39       0.97      1.00      0.99       268
          40       0.95      1.00      0.97        35
          41       1.00      0.99      1.00       233
          42       0.98      0.98      0.98       123
          43       0.99      0.97      0.98       267
          44       0.87      1.00      0.93       141
          45       0.91      1.00      0.95        20
          46       1.00      1.00      1.00       429
          47       1.00      0.99      0.99       891
          48       0.98      0.97      0.97       327
          49       1.00      1.00      1.00       245
          50       1.00      1.00      1.00       280
          51       0.95      1.00      0.98       127
          52       0.99      0.97      0.98       156
          53       1.00      1.00      1.00        56
          54       0.99      1.00      0.99      2659
          55       0.99      0.99      0.99       934
          56       0.95      0.98      0.97       587
          57       1.00      0.99      0.99        78
          58       0.95      0.99      0.97        78

    accuracy                           0.98     34029
   macro avg       0.97      0.95      0.95     34029
weighted avg       0.98      0.98      0.98     34029
